<?xml version="1.0" encoding="UTF-8"?>
<robot generator="Robot 3.1.2 (Python 3.8.0 on win32)" generated="20191126 20:52:49.577" rpa="false">
<suite id="s1" name="Testsuite1" source="C:\Users\Sharmi\eclipse\java-2019-09\eclipse\Workspace\RobotPro1\test\Testsuite1.robot">
<kw name="Log" library="BuiltIn" type="setup">
<doc>Logs the given message with the given level.</doc>
<arguments>
<arg>Inside Test suite</arg>
</arguments>
<msg timestamp="20191126 20:52:50.206" level="INFO">Inside Test suite</msg>
<status status="PASS" starttime="20191126 20:52:50.206" endtime="20191126 20:52:50.207"></status>
</kw>
<test id="s1-t1" name="MyFirstTest">
<kw name="Log" library="BuiltIn" type="setup">
<doc>Logs the given message with the given level.</doc>
<arguments>
<arg>Inside Test Setup</arg>
</arguments>
<msg timestamp="20191126 20:52:50.207" level="INFO">Inside Test Setup</msg>
<status status="PASS" starttime="20191126 20:52:50.207" endtime="20191126 20:52:50.207"></status>
</kw>
<kw name="Log" library="BuiltIn">
<doc>Logs the given message with the given level.</doc>
<arguments>
<arg>Hello World...</arg>
</arguments>
<msg timestamp="20191126 20:52:50.208" level="INFO">Hello World...</msg>
<status status="PASS" starttime="20191126 20:52:50.208" endtime="20191126 20:52:50.208"></status>
</kw>
<kw name="Log" library="BuiltIn" type="teardown">
<doc>Logs the given message with the given level.</doc>
<arguments>
<arg>Inside Test Teardown</arg>
</arguments>
<msg timestamp="20191126 20:52:50.209" level="INFO">Inside Test Teardown</msg>
<status status="PASS" starttime="20191126 20:52:50.209" endtime="20191126 20:52:50.209"></status>
</kw>
<tags>
<tag>Smoke</tag>
</tags>
<status status="PASS" starttime="20191126 20:52:50.207" endtime="20191126 20:52:50.210" critical="yes"></status>
</test>
<test id="s1-t2" name="My2ndTest">
<kw name="Log" library="BuiltIn" type="setup">
<doc>Logs the given message with the given level.</doc>
<arguments>
<arg>Inside Test Setup</arg>
</arguments>
<msg timestamp="20191126 20:52:50.212" level="INFO">Inside Test Setup</msg>
<status status="PASS" starttime="20191126 20:52:50.212" endtime="20191126 20:52:50.213"></status>
</kw>
<kw name="Log" library="BuiltIn">
<doc>Logs the given message with the given level.</doc>
<arguments>
<arg>2nd Test</arg>
</arguments>
<msg timestamp="20191126 20:52:50.213" level="INFO">2nd Test</msg>
<status status="PASS" starttime="20191126 20:52:50.213" endtime="20191126 20:52:50.213"></status>
</kw>
<kw name="Log" library="BuiltIn" type="teardown">
<doc>Logs the given message with the given level.</doc>
<arguments>
<arg>Inside Test Teardown</arg>
</arguments>
<msg timestamp="20191126 20:52:50.214" level="INFO">Inside Test Teardown</msg>
<status status="PASS" starttime="20191126 20:52:50.214" endtime="20191126 20:52:50.214"></status>
</kw>
<tags>
<tag>Sanity</tag>
</tags>
<status status="PASS" starttime="20191126 20:52:50.211" endtime="20191126 20:52:50.215" critical="yes"></status>
</test>
<test id="s1-t3" name="My3rdTest">
<kw name="Log" library="BuiltIn" type="setup">
<doc>Logs the given message with the given level.</doc>
<arguments>
<arg>Inside Test Setup</arg>
</arguments>
<msg timestamp="20191126 20:52:50.217" level="INFO">Inside Test Setup</msg>
<status status="PASS" starttime="20191126 20:52:50.217" endtime="20191126 20:52:50.217"></status>
</kw>
<kw name="Log" library="BuiltIn">
<doc>Logs the given message with the given level.</doc>
<arguments>
<arg>3rd Test</arg>
</arguments>
<msg timestamp="20191126 20:52:50.218" level="INFO">3rd Test</msg>
<status status="PASS" starttime="20191126 20:52:50.217" endtime="20191126 20:52:50.218"></status>
</kw>
<kw name="Log" library="BuiltIn" type="teardown">
<doc>Logs the given message with the given level.</doc>
<arguments>
<arg>Inside Test Teardown</arg>
</arguments>
<msg timestamp="20191126 20:52:50.219" level="INFO">Inside Test Teardown</msg>
<status status="PASS" starttime="20191126 20:52:50.218" endtime="20191126 20:52:50.219"></status>
</kw>
<tags>
<tag>Sanity</tag>
</tags>
<status status="PASS" starttime="20191126 20:52:50.216" endtime="20191126 20:52:50.219" critical="yes"></status>
</test>
<kw name="Log" library="BuiltIn" type="teardown">
<doc>Logs the given message with the given level.</doc>
<arguments>
<arg>Inside Test Teardown</arg>
</arguments>
<msg timestamp="20191126 20:52:50.222" level="INFO">Inside Test Teardown</msg>
<status status="PASS" starttime="20191126 20:52:50.222" endtime="20191126 20:52:50.222"></status>
</kw>
<status status="PASS" starttime="20191126 20:52:49.588" endtime="20191126 20:52:50.222"></status>
</suite>
<statistics>
<total>
<stat pass="3" fail="0">Critical Tests</stat>
<stat pass="3" fail="0">All Tests</stat>
</total>
<tag>
<stat pass="2" fail="0">Sanity</stat>
<stat pass="1" fail="0">Smoke</stat>
</tag>
<suite>
<stat pass="3" fail="0" id="s1" name="Testsuite1">Testsuite1</stat>
</suite>
</statistics>
<errors>
</errors>
</robot>
